<?xml version="1.0" encoding="UTF-8"?>
<!-- Generated by org.testng.reporters.JUnitXMLReporter -->
<testsuite ignored="8" hostname="DESKTOP-DBHECHF" failures="0" tests="5" name="Test" time="0.617" errors="0" timestamp="2025-07-17T05:47:38 IST">
  <testcase classname="listenerPractice.TS1" name="tc1" time="0.046"/>
  <testcase classname="listenerPractice.TS1" name="tc3" time="0.012"/>
  <testcase classname="listenerPractice.TS1" name="tc2" time="0.006"/>
  <testcase classname="listenerPractice.TestS2" name="tc2" time="0.016"/>
  <testcase classname="listenerPractice.TestS2" name="tc3" time="0.006"/>
  <testcase classname="listenerPractice.BaseClass" name="@BeforeTest test2" time="0.0">
    <ignored/>
  </testcase> <!-- @BeforeTest test2 -->
  <testcase classname="listenerPractice.BaseClass" name="@BeforeSuite suite" time="0.0">
    <ignored/>
  </testcase> <!-- @BeforeSuite suite -->
  <testcase classname="listenerPractice.BaseClass" name="@BeforeTest test1" time="0.0">
    <ignored/>
  </testcase> <!-- @BeforeTest test1 -->
  <testcase classname="listenerPractice.BaseClass" name="@BeforeSuite suite1" time="0.0">
    <ignored/>
  </testcase> <!-- @BeforeSuite suite1 -->
  <testcase classname="listenerPractice.BaseClass" name="@AfterTest atest2" time="0.0">
    <ignored/>
  </testcase> <!-- @AfterTest atest2 -->
  <testcase classname="listenerPractice.BaseClass" name="@AfterTest atest1" time="0.0">
    <ignored/>
  </testcase> <!-- @AfterTest atest1 -->
  <testcase classname="listenerPractice.BaseClass" name="@AfterSuite asuite1" time="0.0">
    <ignored/>
  </testcase> <!-- @AfterSuite asuite1 -->
  <testcase classname="listenerPractice.BaseClass" name="@AfterSuite asuite2" time="0.0">
    <ignored/>
  </testcase> <!-- @AfterSuite asuite2 -->
</testsuite> <!-- Test -->
