<?xml version="1.0" encoding="UTF-8"?>
<!-- Generated by org.testng.reporters.JUnitReportReporter -->
<testsuite hostname="DESKTOP-DBHECHF" failures="0" tests="3" name="Pra.DataProviderExample2" time="19.963" errors="0" timestamp="2025-07-16T16:28:22 IST" skipped="0">
  <testcase classname="Pra.DataProviderExample2" name="flipkart1" time="6.969"/>
  <system-out/>
  <testcase classname="Pra.DataProviderExample2" name="flipkart1" time="6.763"/>
  <system-out/>
  <testcase classname="Pra.DataProviderExample2" name="flipkart1" time="6.231"/>
  <system-out/>
</testsuite> <!-- Pra.DataProviderExample2 -->
