<?xml version="1.0" encoding="UTF-8"?>
<!-- Generated by org.testng.reporters.JUnitReportReporter -->
<testsuite hostname="DESKTOP-DBHECHF" failures="0" tests="3" name="listenerPractice.TS1" time="0.084" errors="0" timestamp="2025-07-17T05:47:39 IST" skipped="0">
  <testcase classname="listenerPractice.TS1" name="tc3" time="0.014"/>
  <system-out/>
  <testcase classname="listenerPractice.TS1" name="tc1" time="0.060"/>
  <system-out/>
  <testcase classname="listenerPractice.TS1" name="tc2" time="0.010"/>
  <system-out/>
</testsuite> <!-- listenerPractice.TS1 -->
