<?xml version="1.0" encoding="UTF-8"?>
<!-- Generated by org.testng.reporters.JUnitReportReporter -->
<testsuite hostname="DESKTOP-DBHECHF" failures="0" tests="3" name="Pra.DataProviderExample" time="0.059" errors="0" timestamp="2025-07-08T15:03:10 IST" skipped="0">
  <testcase classname="Pra.DataProviderExample" name="createContacttest" time="0.005"/>
  <system-out/>
  <testcase classname="Pra.DataProviderExample" name="createContacttest" time="0.007"/>
  <system-out/>
  <testcase classname="Pra.DataProviderExample" name="createContacttest" time="0.047"/>
  <system-out/>
</testsuite> <!-- Pra.DataProviderExample -->
